<?xml version="1.0" encoding="UTF-8"?>
<!-- Generated by org.testng.reporters.JUnitReportReporter -->
<testsuite hostname="LAPTOP-6O2QONVB" failures="0" tests="2" name="com.spicejet.test.SearchforFlightTest" time="22.605" errors="0" timestamp="2024-04-26T14:45:40 IST" skipped="0">
  <testcase classname="com.spicejet.test.SearchforFlightTest" name="TC004_searchFlightforRoundTrip" time="11.707"/>
  <testcase classname="com.spicejet.test.SearchforFlightTest" name="TC003_searchFlightforOneWayTrip" time="10.898"/>
</testsuite> <!-- com.spicejet.test.SearchforFlightTest -->
