<?xml version="1.0" encoding="UTF-8"?>
<!-- Generated by org.testng.reporters.JUnitReportReporter -->
<testsuite hostname="LAPTOP-6O2QONVB" failures="0" tests="1" name="com.spicejet.test.RoundtripFlightSearchInvalidTest" time="11.038" errors="0" timestamp="2024-05-02T13:46:52 IST" skipped="0">
  <testcase classname="com.spicejet.test.RoundtripFlightSearchInvalidTest" name="TC009_RoundtripFlightSearchInvalid" time="11.038"/>
</testsuite> <!-- com.spicejet.test.RoundtripFlightSearchInvalidTest -->
