<?xml version="1.0" encoding="UTF-8"?>
<!-- Generated by org.testng.reporters.JUnitReportReporter -->
<testsuite hostname="LAPTOP-6O2QONVB" failures="0" tests="1" name="com.spicejet.test.LoginPageTest" time="13.456" errors="0" timestamp="2024-04-30T11:07:41 IST" skipped="0">
  <testcase classname="com.spicejet.test.LoginPageTest" name="TC001_LoginTest" time="13.456"/>
</testsuite> <!-- com.spicejet.test.LoginPageTest -->
