<?xml version="1.0" encoding="UTF-8"?>
<!-- Generated by org.testng.reporters.JUnitReportReporter -->
<testsuite hostname="LAPTOP-6O2QONVB" failures="0" tests="1" name="com.spicejet.test.RoundtripFlightSearchInvalid" time="18.897" errors="0" timestamp="2024-05-01T16:59:53 IST" skipped="0">
  <testcase classname="com.spicejet.test.RoundtripFlightSearchInvalid" name="TC009_RoundtripFlightSearchInvalid" time="18.897"/>
</testsuite> <!-- com.spicejet.test.RoundtripFlightSearchInvalid -->
