<?xml version="1.0" encoding="UTF-8"?>
<!-- Generated by org.testng.reporters.JUnitReportReporter -->
<testsuite hostname="LAPTOP-6O2QONVB" failures="0" tests="1" name="com.spicejet.test.BookingPageTest" time="7.021" errors="0" timestamp="2024-04-26T14:45:40 IST" skipped="0">
  <testcase classname="com.spicejet.test.BookingPageTest" name="TC006_checkNavigationTabs" time="7.021"/>
</testsuite> <!-- com.spicejet.test.BookingPageTest -->
