<?xml version="1.0" encoding="UTF-8"?>
<!-- Generated by org.testng.reporters.JUnitReportReporter -->
<testsuite hostname="LAPTOP-6O2QONVB" failures="0" tests="1" name="com.spicejet.test.BookingPageNavigationTabsTest" time="7.264" errors="0" timestamp="2024-04-30T11:06:20 IST" skipped="0">
  <testcase classname="com.spicejet.test.BookingPageNavigationTabsTest" name="TC010_checkNavigationTabs" time="7.264"/>
</testsuite> <!-- com.spicejet.test.BookingPageNavigationTabsTest -->
