<?xml version="1.0" encoding="UTF-8"?>
<!-- Generated by org.testng.reporters.JUnitReportReporter -->
<testsuite hostname="LAPTOP-6O2QONVB" failures="0" tests="1" name="com.spicejet.test.SearchforFlightOneWayTest" time="10.357" errors="0" timestamp="2024-04-30T11:06:20 IST" skipped="0">
  <testcase classname="com.spicejet.test.SearchforFlightOneWayTest" name="TC005_searchFlightforOneWayTrip" time="10.357"/>
</testsuite> <!-- com.spicejet.test.SearchforFlightOneWayTest -->
