<?xml version="1.0" encoding="UTF-8"?>
<!-- Generated by org.testng.reporters.JUnitReportReporter -->
<testsuite hostname="LAPTOP-6O2QONVB" failures="0" tests="1" name="com.spicejet.test.SearchForFlightOnewayTest" time="16.075" errors="0" timestamp="2024-05-02T13:46:52 IST" skipped="0">
  <testcase classname="com.spicejet.test.SearchForFlightOnewayTest" name="TC005_searchFlightforOneWayTrip" time="16.075"/>
</testsuite> <!-- com.spicejet.test.SearchForFlightOnewayTest -->
