<?xml version="1.0" encoding="UTF-8"?>
<!-- Generated by org.testng.reporters.JUnitReportReporter -->
<testsuite hostname="LAPTOP-6O2QONVB" failures="0" tests="1" name="com.spicejet.test.FlightBookingTest" time="29.697" errors="0" timestamp="2024-04-29T13:59:19 IST" skipped="0">
  <testcase classname="com.spicejet.test.FlightBookingTest" name="TC005_bookFlightTest" time="29.697"/>
</testsuite> <!-- com.spicejet.test.FlightBookingTest -->
