<?xml version="1.0" encoding="UTF-8"?>
<!-- Generated by org.testng.reporters.JUnitReportReporter -->
<testsuite hostname="LAPTOP-6O2QONVB" failures="0" tests="1" name="com.spicejet.test.SearchForFlightRoundTripTest" time="13.891" errors="0" timestamp="2024-05-02T16:26:36 IST" skipped="0">
  <testcase classname="com.spicejet.test.SearchForFlightRoundTripTest" name="TC006_searchFlightforRoundTripTest" time="13.891"/>
</testsuite> <!-- com.spicejet.test.SearchForFlightRoundTripTest -->
