<?xml version="1.0" encoding="UTF-8"?>
<!-- Generated by org.testng.reporters.JUnitReportReporter -->
<testsuite hostname="LAPTOP-6O2QONVB" failures="0" tests="1" name="com.spicejet.test.LoginWithInvalidDetailsTest" time="12.020" errors="0" timestamp="2024-05-02T16:26:36 IST" skipped="0">
  <testcase classname="com.spicejet.test.LoginWithInvalidDetailsTest" name="TC002_LoginwithInvalidDetailsTest" time="12.020"/>
</testsuite> <!-- com.spicejet.test.LoginWithInvalidDetailsTest -->
