<?xml version="1.0" encoding="UTF-8"?>
<!-- Generated by org.testng.reporters.JUnitReportReporter -->
<testsuite hostname="LAPTOP-6O2QONVB" failures="0" tests="1" name="com.spicejet.test.BookingPageNavigationTabsTest" time="9.347" errors="0" timestamp="2024-05-02T16:26:36 IST" skipped="0">
  <testcase classname="com.spicejet.test.BookingPageNavigationTabsTest" name="TC010_checkNavigationTabs" time="9.347"/>
</testsuite> <!-- com.spicejet.test.BookingPageNavigationTabsTest -->
